Determining if the pthread_create exist failed with the following output:
Change Dir: /home/choi/i30_ws/src/pharos_drivers/wave_pkg/cmake-build-debug/CMakeFiles/CMakeTmp

Run Build Command(s):/usr/bin/make cmTC_ec664/fast 
/usr/bin/make -f CMakeFiles/cmTC_ec664.dir/build.make CMakeFiles/cmTC_ec664.dir/build
make[1]: Entering directory '/home/choi/i30_ws/src/pharos_drivers/wave_pkg/cmake-build-debug/CMakeFiles/CMakeTmp'
Building C object CMakeFiles/cmTC_ec664.dir/CheckSymbolExists.c.o
/usr/bin/cc    -o CMakeFiles/cmTC_ec664.dir/CheckSymbolExists.c.o   -c /home/choi/i30_ws/src/pharos_drivers/wave_pkg/cmake-build-debug/CMakeFiles/CMakeTmp/CheckSymbolExists.c
Linking C executable cmTC_ec664
/home/choi/clion-2019.1.4/bin/cmake/linux/bin/cmake -E cmake_link_script CMakeFiles/cmTC_ec664.dir/link.txt --verbose=1
/usr/bin/cc      -rdynamic CMakeFiles/cmTC_ec664.dir/CheckSymbolExists.c.o  -o cmTC_ec664 
CMakeFiles/cmTC_ec664.dir/CheckSymbolExists.c.o: In function `main':
CheckSymbolExists.c:(.text+0x16): undefined reference to `pthread_create'
collect2: error: ld returned 1 exit status
CMakeFiles/cmTC_ec664.dir/build.make:86: recipe for target 'cmTC_ec664' failed
make[1]: *** [cmTC_ec664] Error 1
make[1]: Leaving directory '/home/choi/i30_ws/src/pharos_drivers/wave_pkg/cmake-build-debug/CMakeFiles/CMakeTmp'
Makefile:121: recipe for target 'cmTC_ec664/fast' failed
make: *** [cmTC_ec664/fast] Error 2

File /home/choi/i30_ws/src/pharos_drivers/wave_pkg/cmake-build-debug/CMakeFiles/CMakeTmp/CheckSymbolExists.c:
/* */
#include <pthread.h>

int main(int argc, char** argv)
{
  (void)argv;
#ifndef pthread_create
  return ((int*)(&pthread_create))[argc];
#else
  (void)argc;
  return 0;
#endif
}

Determining if the function pthread_create exists in the pthreads failed with the following output:
Change Dir: /home/choi/i30_ws/src/pharos_drivers/wave_pkg/cmake-build-debug/CMakeFiles/CMakeTmp

Run Build Command(s):/usr/bin/make cmTC_7aefe/fast 
/usr/bin/make -f CMakeFiles/cmTC_7aefe.dir/build.make CMakeFiles/cmTC_7aefe.dir/build
make[1]: Entering directory '/home/choi/i30_ws/src/pharos_drivers/wave_pkg/cmake-build-debug/CMakeFiles/CMakeTmp'
Building C object CMakeFiles/cmTC_7aefe.dir/CheckFunctionExists.c.o
/usr/bin/cc   -DCHECK_FUNCTION_EXISTS=pthread_create   -o CMakeFiles/cmTC_7aefe.dir/CheckFunctionExists.c.o   -c /home/choi/clion-2019.1.4/bin/cmake/linux/share/cmake-3.14/Modules/CheckFunctionExists.c
Linking C executable cmTC_7aefe
/home/choi/clion-2019.1.4/bin/cmake/linux/bin/cmake -E cmake_link_script CMakeFiles/cmTC_7aefe.dir/link.txt --verbose=1
/usr/bin/cc  -DCHECK_FUNCTION_EXISTS=pthread_create    -rdynamic CMakeFiles/cmTC_7aefe.dir/CheckFunctionExists.c.o  -o cmTC_7aefe -lpthreads 
/usr/bin/ld: cannot find -lpthreads
collect2: error: ld returned 1 exit status
CMakeFiles/cmTC_7aefe.dir/build.make:86: recipe for target 'cmTC_7aefe' failed
make[1]: *** [cmTC_7aefe] Error 1
make[1]: Leaving directory '/home/choi/i30_ws/src/pharos_drivers/wave_pkg/cmake-build-debug/CMakeFiles/CMakeTmp'
Makefile:121: recipe for target 'cmTC_7aefe/fast' failed
make: *** [cmTC_7aefe/fast] Error 2


